<?xml version="1.0" encoding="UTF-8"?>
<testng-results skipped="0" failed="0" ignored="0" total="1" passed="1">
  <reporter-output>
  </reporter-output>
  <suite name="Default suite" duration-ms="34147" started-at="2018-08-21T12:59:05Z" finished-at="2018-08-21T12:59:40Z">
    <groups>
    </groups>
    <test name="Default test" duration-ms="34147" started-at="2018-08-21T12:59:05Z" finished-at="2018-08-21T12:59:40Z">
      <class name="com.org.chandu.Firstpage">
        <test-method status="PASS" signature="beforeTest()[pri:0, instance:com.org.chandu.Firstpage@646d64ab]" name="beforeTest" is-config="true" duration-ms="27066" started-at="2018-08-21T12:59:06Z" finished-at="2018-08-21T12:59:33Z">
          <reporter-output>
          </reporter-output>
        </test-method> <!-- beforeTest -->
        <test-method status="PASS" signature="t()[pri:0, instance:com.org.chandu.Firstpage@646d64ab]" name="t" duration-ms="6329" started-at="2018-08-21T12:59:33Z" finished-at="2018-08-21T12:59:39Z">
          <reporter-output>
          </reporter-output>
        </test-method> <!-- t -->
        <test-method status="PASS" signature="afterTest()[pri:0, instance:com.org.chandu.Firstpage@646d64ab]" name="afterTest" is-config="true" duration-ms="672" started-at="2018-08-21T12:59:39Z" finished-at="2018-08-21T12:59:40Z">
          <reporter-output>
          </reporter-output>
        </test-method> <!-- afterTest -->
      </class> <!-- com.org.chandu.Firstpage -->
    </test> <!-- Default test -->
  </suite> <!-- Default suite -->
</testng-results>
